2024-11-16 22:48:02,165 - INFO - ==================================STARTING EXTRACT DATA=======================================
2024-11-16 22:48:02,188 - INFO - EXTRACT 'aircrafts' - SUCCESS.
2024-11-16 22:48:02,196 - INFO - EXTRACT 'airlines' - SUCCESS.
2024-11-16 22:48:02,200 - INFO - EXTRACT 'airports' - SUCCESS.
2024-11-16 22:48:02,210 - INFO - EXTRACT 'customers' - SUCCESS.
2024-11-16 22:48:02,223 - INFO - EXTRACT 'hotel' - SUCCESS.
2024-11-16 22:48:02,297 - INFO - EXTRACT 'flight_bookings' - SUCCESS.
2024-11-16 22:48:02,303 - INFO - EXTRACT 'hotel_bookings' - SUCCESS.
2024-11-16 22:48:02,304 - INFO - Extract All Tables From Sources - SUCCESS
2024-11-16 22:48:02,305 - INFO - ==================================ENDING EXTRACT DATA=======================================
2024-11-16 22:48:02,305 - INFO - [pid 72046] Worker Worker(salt=4475707208, workers=1, host=LAPTOP-CTL1KJN3, username=ibnufajar, pid=72046) done      Extract()
2024-11-16 22:48:02,306 - DEBUG - 1 running tasks, waiting for next task to finish
2024-11-16 22:48:02,310 - INFO - Informed scheduler that task   Extract__99914b932b   has status   DONE
2024-11-16 22:48:02,310 - DEBUG - Asking scheduler for work...
2024-11-16 22:48:02,313 - DEBUG - Pending tasks: 2
2024-11-16 22:48:02,313 - INFO - [pid 72046] Worker Worker(salt=4475707208, workers=1, host=LAPTOP-CTL1KJN3, username=ibnufajar, pid=72046) running   Load()
2024-11-16 22:48:02,313 - INFO - Read Load Query - SUCCESS
2024-11-16 22:48:02,347 - INFO - Read Extracted Data - SUCCESS
2024-11-16 22:48:02,348 - INFO - Connect to DWH - SUCCESS
2024-11-16 22:48:02,380 - INFO - Truncate pactravel Schema in DWH - SUCCESS
2024-11-16 22:48:02,380 - INFO - ==================================STARTING LOAD DATA=======================================
2024-11-16 22:48:02,394 - INFO - LOAD 'pactravel.aircrafts' - SUCCESS
2024-11-16 22:48:02,427 - INFO - LOAD 'pactravel.airlines' - SUCCESS
2024-11-16 22:48:02,436 - INFO - LOAD 'pactravel.airports' - SUCCESS
2024-11-16 22:48:02,466 - INFO - LOAD 'pactravel.customers' - SUCCESS
2024-11-16 22:48:02,508 - INFO - LOAD 'pactravel.hotel' - SUCCESS
2024-11-16 22:48:03,165 - INFO - LOAD 'pactravel.flight_bookings' - SUCCESS
2024-11-16 22:48:03,179 - INFO - LOAD 'pactravel.hotel_bookings' - SUCCESS
2024-11-16 22:48:03,180 - INFO - LOAD All Tables To DWH-pactravel - SUCCESS
2024-11-16 22:48:03,181 - INFO - ==================================ENDING LOAD DATA=======================================
2024-11-16 22:48:03,182 - INFO - [pid 72046] Worker Worker(salt=4475707208, workers=1, host=LAPTOP-CTL1KJN3, username=ibnufajar, pid=72046) done      Load()
2024-11-16 22:48:03,182 - DEBUG - 1 running tasks, waiting for next task to finish
2024-11-16 22:48:03,185 - INFO - Informed scheduler that task   Load__99914b932b   has status   DONE
2024-11-16 22:48:03,185 - DEBUG - Asking scheduler for work...
2024-11-16 22:48:03,188 - DEBUG - Pending tasks: 1
2024-11-16 22:48:03,188 - INFO - [pid 72046] Worker Worker(salt=4475707208, workers=1, host=LAPTOP-CTL1KJN3, username=ibnufajar, pid=72046) running   Transform()
2024-11-16 22:48:03,188 - INFO - ==================================STARTING TRANSFROM DATA=======================================
[0m15:48:04  Running with dbt=1.9.0-b4
[0m15:48:04  dbt version: 1.9.0-b4
[0m15:48:04  python version: 3.10.12
[0m15:48:04  python path: /home/ibnufajar/pactravel-dataset/.venv/bin/python3
[0m15:48:04  os info: Linux-5.15.146.1-microsoft-standard-WSL2-x86_64-with-glibc2.35
[0m15:48:04  Using profiles dir at /home/ibnufajar/.dbt
[0m15:48:04  Using profiles.yml file at /home/ibnufajar/.dbt/profiles.yml
[0m15:48:04  Using dbt_project.yml file at /home/ibnufajar/pactravel-dataset/dbt_transform/dbt_project.yml
[0m15:48:04  adapter type: postgres
[0m15:48:04  adapter version: 1.8.2
[0m15:48:04  Configuration:
[0m15:48:04    profiles.yml file [[32mOK found and valid[0m]
[0m15:48:04    dbt_project.yml file [[32mOK found and valid[0m]
[0m15:48:04  Required dependencies:
[0m15:48:04   - git [[32mOK found[0m]

[0m15:48:04  Connection:
[0m15:48:04    host: localhost
[0m15:48:04    port: 5434
[0m15:48:04    user: postgres
[0m15:48:04    database: pactravel-dwh
[0m15:48:04    schema: final
[0m15:48:04    connect_timeout: 10
[0m15:48:04    role: None
[0m15:48:04    search_path: None
[0m15:48:04    keepalives_idle: 0
[0m15:48:04    sslmode: None
[0m15:48:04    sslcert: None
[0m15:48:04    sslkey: None
[0m15:48:04    sslrootcert: None
[0m15:48:04    application_name: dbt
[0m15:48:04    retries: 1
[0m15:48:04  Registered adapter: postgres=1.8.2
[0m15:48:05    Connection test: [[32mOK connection ok[0m]

[0m15:48:05  [32mAll checks passed![0m
[0m15:48:07  Running with dbt=1.9.0-b4
[0m15:48:09  Installing dbt-labs/dbt_utils
[0m15:48:10  Installed from version 1.1.1
[0m15:48:10  Updated version available: 1.3.0
[0m15:48:10  Installing calogica/dbt_expectations
[0m15:48:11  Installed from version 0.10.3
[0m15:48:11  Updated version available: 0.10.4
[0m15:48:11  Installing Snowflake-Labs/dbt_constraints
[0m15:48:12  Installed from version 0.6.3
[0m15:48:12  Updated version available: 1.0.4
[0m15:48:12  Installing calogica/dbt_date
[0m15:48:12  Installed from version 0.10.1
[0m15:48:12  Up to date!
[0m15:48:12  
[0m15:48:12  Updates available for packages: ['dbt-labs/dbt_utils', 'calogica/dbt_expectations', 'Snowflake-Labs/dbt_constraints']                 
Update your versions in packages.yml, then run dbt deps
[0m15:48:15  Running with dbt=1.9.0-b4
[0m15:48:15  Registered adapter: postgres=1.8.2
[0m15:48:17  Found 14 models, 1 operation, 23 data tests, 7 sources, 887 macros
[0m15:48:17  
[0m15:48:17  Concurrency: 4 threads (target='dev')
[0m15:48:17  
[0m15:48:17  1 of 14 START sql view model final.stg_pactravel_aircrafts ..................... [RUN]
[0m15:48:17  2 of 14 START sql view model final.stg_pactravel_airlines ...................... [RUN]
[0m15:48:17  3 of 14 START sql view model final.stg_pactravel_airports ...................... [RUN]
[0m15:48:17  4 of 14 START sql view model final.stg_pactravel_customers ..................... [RUN]
[0m15:48:17  1 of 14 OK created sql view model final.stg_pactravel_aircrafts ................ [[32mCREATE VIEW[0m in 0.34s]
[0m15:48:17  2 of 14 OK created sql view model final.stg_pactravel_airlines ................. [[32mCREATE VIEW[0m in 0.33s]
[0m15:48:17  3 of 14 OK created sql view model final.stg_pactravel_airports ................. [[32mCREATE VIEW[0m in 0.33s]
[0m15:48:17  5 of 14 START sql view model final.stg_pactravel_flight_bookings ............... [RUN]
[0m15:48:17  6 of 14 START sql view model final.stg_pactravel_hotel ......................... [RUN]
[0m15:48:17  7 of 14 START sql view model final.stg_pactravel_hotel_bookings ................ [RUN]
[0m15:48:17  4 of 14 OK created sql view model final.stg_pactravel_customers ................ [[32mCREATE VIEW[0m in 0.33s]
[0m15:48:17  8 of 14 START sql table model final.dim_aircrafts .............................. [RUN]
[0m15:48:17  6 of 14 OK created sql view model final.stg_pactravel_hotel .................... [[32mCREATE VIEW[0m in 0.21s]
[0m15:48:17  5 of 14 OK created sql view model final.stg_pactravel_flight_bookings .......... [[32mCREATE VIEW[0m in 0.23s]
[0m15:48:17  7 of 14 OK created sql view model final.stg_pactravel_hotel_bookings ........... [[32mCREATE VIEW[0m in 0.22s]
[0m15:48:17  9 of 14 START sql table model final.dim_airlines ............................... [RUN]
[0m15:48:17  10 of 14 START sql table model final.dim_airports .............................. [RUN]
[0m15:48:17  11 of 14 START sql table model final.dim_customers ............................. [RUN]
[0m15:48:17  8 of 14 OK created sql table model final.dim_aircrafts ......................... [[32mSELECT 246[0m in 0.28s]
[0m15:48:17  12 of 14 START sql table model final.dim_hotel ................................. [RUN]
[0m15:48:18  10 of 14 OK created sql table model final.dim_airports ......................... [[32mSELECT 105[0m in 0.31s]
[0m15:48:18  11 of 14 OK created sql table model final.dim_customers ........................ [[32mSELECT 1000[0m in 0.33s]
[0m15:48:18  9 of 14 OK created sql table model final.dim_airlines .......................... [[32mSELECT 1251[0m in 0.35s]
[0m15:48:18  13 of 14 START sql table model final.fct_flight_bookings ....................... [RUN]
[0m15:48:18  12 of 14 OK created sql table model final.dim_hotel ............................ [[32mSELECT 1470[0m in 0.29s]
[0m15:48:18  14 of 14 START sql table model final.fct_hotel_bookings ........................ [RUN]
[0m15:48:18  13 of 14 OK created sql table model final.fct_flight_bookings .................. [[32mSELECT 8190[0m in 0.15s]
[0m15:48:18  14 of 14 OK created sql table model final.fct_hotel_bookings ................... [[32mSELECT 217[0m in 0.12s]
[0m15:48:18  
[0m15:48:18  Running dbt Constraints
[0m15:48:18  Finished dbt Constraints
[0m15:48:18  1 of 1 START hook: dbt_constraints.on-run-end.0 ................................ [RUN]
[0m15:48:18  1 of 1 OK hook: dbt_constraints.on-run-end.0 ................................... [[32mOK[0m in 0.06s]
[0m15:48:18  
[0m15:48:18  Finished running 1 project hook, 7 table models, 7 view models in 0 hours 0 minutes and 1.33 seconds (1.33s).
[0m15:48:18  
[0m15:48:18  [32mCompleted successfully[0m
[0m15:48:18  
[0m15:48:18  Done. PASS=15 WARN=0 ERROR=0 SKIP=0 TOTAL=15
[0m15:48:21  Running with dbt=1.9.0-b4
[0m15:48:21  Registered adapter: postgres=1.8.2
[0m15:48:22  Found 14 models, 1 operation, 23 data tests, 7 sources, 887 macros
[0m15:48:22  
[0m15:48:22  Concurrency: 4 threads (target='dev')
[0m15:48:22  
[0m15:48:22  1 of 23 START test dbt_constraints_foreign_key_fct_hotel_bookings_customer_code__sk_customer_id__ref_dim_customers_  [RUN]
[0m15:48:22  2 of 23 START test dbt_constraints_foreign_key_fct_hotel_bookings_hotel_code__sk_hotel_id__ref_dim_hotel_  [RUN]
[0m15:48:22  3 of 23 START test dbt_constraints_primary_key_dim_aircrafts_sk_aircraft_id .... [RUN]
[0m15:48:22  4 of 23 START test dbt_constraints_primary_key_dim_airlines_sk_airline_id ...... [RUN]
[0m15:48:22  1 of 23 PASS dbt_constraints_foreign_key_fct_hotel_bookings_customer_code__sk_customer_id__ref_dim_customers_  [[32mPASS[0m in 0.15s]
[0m15:48:22  3 of 23 PASS dbt_constraints_primary_key_dim_aircrafts_sk_aircraft_id .......... [[32mPASS[0m in 0.15s]
[0m15:48:22  4 of 23 PASS dbt_constraints_primary_key_dim_airlines_sk_airline_id ............ [[32mPASS[0m in 0.15s]
[0m15:48:22  2 of 23 PASS dbt_constraints_foreign_key_fct_hotel_bookings_hotel_code__sk_hotel_id__ref_dim_hotel_  [[32mPASS[0m in 0.16s]
[0m15:48:22  5 of 23 START test dbt_constraints_primary_key_dim_airports_sk_airport_id ...... [RUN]
[0m15:48:22  6 of 23 START test dbt_constraints_primary_key_dim_customers_sk_customer_id .... [RUN]
[0m15:48:22  7 of 23 START test dbt_constraints_primary_key_dim_hotel_sk_hotel_id ........... [RUN]
[0m15:48:22  8 of 23 START test dbt_constraints_primary_key_fct_hotel_bookings_sk_trip_id ... [RUN]
[0m15:48:22  5 of 23 PASS dbt_constraints_primary_key_dim_airports_sk_airport_id ............ [[32mPASS[0m in 0.09s]
[0m15:48:22  8 of 23 PASS dbt_constraints_primary_key_fct_hotel_bookings_sk_trip_id ......... [[32mPASS[0m in 0.08s]
[0m15:48:22  7 of 23 PASS dbt_constraints_primary_key_dim_hotel_sk_hotel_id ................. [[32mPASS[0m in 0.09s]
[0m15:48:22  6 of 23 PASS dbt_constraints_primary_key_dim_customers_sk_customer_id .......... [[32mPASS[0m in 0.10s]
[0m15:48:22  9 of 23 START test not_null_dim_aircrafts_nk_aircraft_id ....................... [RUN]
[0m15:48:22  10 of 23 START test not_null_dim_aircrafts_sk_aircraft_id ...................... [RUN]
[0m15:48:22  11 of 23 START test not_null_dim_airlines_nk_airline_id ........................ [RUN]
[0m15:48:22  12 of 23 START test not_null_dim_airlines_sk_airline_id ........................ [RUN]
[0m15:48:22  12 of 23 PASS not_null_dim_airlines_sk_airline_id .............................. [[32mPASS[0m in 0.09s]
[0m15:48:23  9 of 23 PASS not_null_dim_aircrafts_nk_aircraft_id ............................. [[32mPASS[0m in 0.09s]
[0m15:48:23  13 of 23 START test not_null_dim_airports_nk_airport_id ........................ [RUN]
[0m15:48:23  11 of 23 PASS not_null_dim_airlines_nk_airline_id .............................. [[32mPASS[0m in 0.10s]
[0m15:48:23  14 of 23 START test not_null_dim_airports_sk_airport_id ........................ [RUN]
[0m15:48:23  10 of 23 PASS not_null_dim_aircrafts_sk_aircraft_id ............................ [[32mPASS[0m in 0.10s]
[0m15:48:23  15 of 23 START test not_null_dim_customers_nk_customer_id ...................... [RUN]
[0m15:48:23  16 of 23 START test not_null_dim_customers_sk_customer_id ...................... [RUN]
[0m15:48:23  14 of 23 PASS not_null_dim_airports_sk_airport_id .............................. [[32mPASS[0m in 0.08s]
[0m15:48:23  13 of 23 PASS not_null_dim_airports_nk_airport_id .............................. [[32mPASS[0m in 0.09s]
[0m15:48:23  17 of 23 START test not_null_dim_hotel_nk_hotel_id ............................. [RUN]
[0m15:48:23  18 of 23 START test not_null_dim_hotel_sk_hotel_id ............................. [RUN]
[0m15:48:23  16 of 23 PASS not_null_dim_customers_sk_customer_id ............................ [[32mPASS[0m in 0.08s]
[0m15:48:23  15 of 23 PASS not_null_dim_customers_nk_customer_id ............................ [[32mPASS[0m in 0.08s]
[0m15:48:23  19 of 23 START test not_null_fct_hotel_bookings_customer_code .................. [RUN]
[0m15:48:23  20 of 23 START test not_null_fct_hotel_bookings_hotel_code ..................... [RUN]
[0m15:48:23  17 of 23 PASS not_null_dim_hotel_nk_hotel_id ................................... [[32mPASS[0m in 0.16s]
[0m15:48:23  18 of 23 PASS not_null_dim_hotel_sk_hotel_id ................................... [[32mPASS[0m in 0.16s]
[0m15:48:23  21 of 23 START test not_null_fct_hotel_bookings_nk_trip_id ..................... [RUN]
[0m15:48:23  22 of 23 START test not_null_fct_hotel_bookings_price .......................... [RUN]
[0m15:48:23  20 of 23 PASS not_null_fct_hotel_bookings_hotel_code ........................... [[32mPASS[0m in 0.15s]
[0m15:48:23  19 of 23 PASS not_null_fct_hotel_bookings_customer_code ........................ [[32mPASS[0m in 0.17s]
[0m15:48:23  23 of 23 START test not_null_fct_hotel_bookings_sk_trip_id ..................... [RUN]
[0m15:48:23  21 of 23 PASS not_null_fct_hotel_bookings_nk_trip_id ........................... [[32mPASS[0m in 0.07s]
[0m15:48:23  22 of 23 PASS not_null_fct_hotel_bookings_price ................................ [[32mPASS[0m in 0.06s]
[0m15:48:23  23 of 23 PASS not_null_fct_hotel_bookings_sk_trip_id ........................... [[32mPASS[0m in 0.04s]
[0m15:48:23  
[0m15:48:23  Running dbt Constraints
[0m15:48:23  Creating not null constraint for: sk_airline_id in "pactravel-dwh"."final"."dim_airlines"
[0m15:48:23  Creating not null constraint for: nk_aircraft_id in "pactravel-dwh"."final"."dim_aircrafts"
[0m15:48:23  Creating not null constraint for: nk_airline_id in "pactravel-dwh"."final"."dim_airlines"
[0m15:48:23  Creating not null constraint for: sk_aircraft_id in "pactravel-dwh"."final"."dim_aircrafts"
[0m15:48:23  Creating not null constraint for: sk_airport_id in "pactravel-dwh"."final"."dim_airports"
[0m15:48:23  Creating not null constraint for: nk_airport_id in "pactravel-dwh"."final"."dim_airports"
[0m15:48:23  Creating not null constraint for: sk_customer_id in "pactravel-dwh"."final"."dim_customers"
[0m15:48:23  Creating not null constraint for: nk_customer_id in "pactravel-dwh"."final"."dim_customers"
[0m15:48:23  Creating not null constraint for: nk_hotel_id in "pactravel-dwh"."final"."dim_hotel"
[0m15:48:23  Creating not null constraint for: sk_hotel_id in "pactravel-dwh"."final"."dim_hotel"
[0m15:48:23  Creating not null constraint for: hotel_code in "pactravel-dwh"."final"."fct_hotel_bookings"
[0m15:48:23  Creating not null constraint for: customer_code in "pactravel-dwh"."final"."fct_hotel_bookings"
[0m15:48:23  Creating not null constraint for: nk_trip_id in "pactravel-dwh"."final"."fct_hotel_bookings"
[0m15:48:23  Creating not null constraint for: price in "pactravel-dwh"."final"."fct_hotel_bookings"
[0m15:48:23  Creating not null constraint for: sk_trip_id in "pactravel-dwh"."final"."fct_hotel_bookings"
[0m15:48:23  Creating not null constraint for: sk_aircraft_id in "pactravel-dwh"."final"."dim_aircrafts"
[0m15:48:23  Creating primary key: DIM_AIRCRAFTS_SK_AIRCRAFT_ID_PK
[0m15:48:23  Creating not null constraint for: sk_airline_id in "pactravel-dwh"."final"."dim_airlines"
[0m15:48:23  Creating primary key: DIM_AIRLINES_SK_AIRLINE_ID_PK
[0m15:48:23  Creating not null constraint for: sk_airport_id in "pactravel-dwh"."final"."dim_airports"
[0m15:48:23  Creating primary key: DIM_AIRPORTS_SK_AIRPORT_ID_PK
[0m15:48:23  Creating not null constraint for: sk_trip_id in "pactravel-dwh"."final"."fct_hotel_bookings"
[0m15:48:23  Creating primary key: FCT_HOTEL_BOOKINGS_SK_TRIP_ID_PK
[0m15:48:23  Creating not null constraint for: sk_hotel_id in "pactravel-dwh"."final"."dim_hotel"
[0m15:48:23  Creating primary key: DIM_HOTEL_SK_HOTEL_ID_PK
[0m15:48:23  Creating not null constraint for: sk_customer_id in "pactravel-dwh"."final"."dim_customers"
[0m15:48:23  Creating primary key: DIM_CUSTOMERS_SK_CUSTOMER_ID_PK
[0m15:48:23  Creating foreign key: FCT_HOTEL_BOOKINGS_CUSTOMER_CODE_FK referencing dim_customers ['sk_customer_id']
[0m15:48:24  Creating foreign key: FCT_HOTEL_BOOKINGS_HOTEL_CODE_FK referencing dim_hotel ['sk_hotel_id']
[0m15:48:24  Finished dbt Constraints
[0m15:48:24  1 of 1 START hook: dbt_constraints.on-run-end.0 ................................ [RUN]
[0m15:48:24  1 of 1 OK hook: dbt_constraints.on-run-end.0 ................................... [[32mOK[0m in 0.64s]
[0m15:48:24  
[0m15:48:24  Finished running 1 project hook, 23 data tests in 0 hours 0 minutes and 1.50 seconds (1.50s).
[0m15:48:24  
[0m15:48:24  [32mCompleted successfully[0m
[0m15:48:24  
[0m15:48:24  Done. PASS=24 WARN=0 ERROR=0 SKIP=0 TOTAL=24
2024-11-16 22:48:25,509 - INFO - ==================================ENDING TRANSFROM DATA=======================================
2024-11-16 22:48:25,509 - INFO - [pid 72046] Worker Worker(salt=4475707208, workers=1, host=LAPTOP-CTL1KJN3, username=ibnufajar, pid=72046) done      Transform()
2024-11-16 22:48:25,509 - DEBUG - 1 running tasks, waiting for next task to finish
2024-11-16 22:48:25,513 - INFO - Informed scheduler that task   Transform__99914b932b   has status   DONE
2024-11-16 22:48:25,513 - DEBUG - Asking scheduler for work...
2024-11-16 22:48:25,516 - DEBUG - Done
2024-11-16 22:48:25,516 - DEBUG - There are no more tasks to run at this time
2024-11-16 22:48:25,516 - INFO - Worker Worker(salt=4475707208, workers=1, host=LAPTOP-CTL1KJN3, username=ibnufajar, pid=72046) was stopped. Shutting down Keep-Alive thread
2024-11-16 22:48:25,517 - INFO - 
===== Luigi Execution Summary =====

Scheduled 3 tasks of which:
* 3 ran successfully:
    - 1 Extract()
    - 1 Load()
    - 1 Transform()

This progress looks :) because there were no failed tasks or missing dependencies

===== Luigi Execution Summary =====

